{
  "stats": {
    "suites": 1,
    "tests": 1,
    "passes": 1,
    "pending": 0,
    "failures": 0,
    "start": "2024-05-05T10:04:36.301Z",
    "end": "2024-05-05T10:04:51.999Z",
    "duration": 15698,
    "testsRegistered": 1,
    "passPercent": 100,
    "pendingPercent": 0,
    "other": 0,
    "hasOther": false,
    "skipped": 0,
    "hasSkipped": false
  },
  "results": [
    {
      "uuid": "3bd39993-15d0-4ae8-9851-40607a9d18c5",
      "title": "",
      "fullFile": "cypress\\e2e\\signUpFunction.cy.js",
      "file": "cypress\\e2e\\signUpFunction.cy.js",
      "beforeHooks": [],
      "afterHooks": [],
      "tests": [],
      "suites": [
        {
          "uuid": "4daca224-d6b0-4054-a359-61221fe5e86c",
          "title": "SignUp Function Verify",
          "fullFile": "",
          "file": "",
          "beforeHooks": [],
          "afterHooks": [],
          "tests": [
            {
              "title": "Sign Up",
              "fullTitle": "SignUp Function Verify Sign Up",
              "timedOut": null,
              "duration": 11289,
              "state": "passed",
              "speed": "slow",
              "pass": true,
              "fail": false,
              "pending": false,
              "context": null,
              "code": "// Invoke home page\nhomePage.openWeb();\n// Invoke sign up page\nsignUpPage.clickOnSignUpBtn();\n// Verify invoke signup page successfully\nsignUpPage.verifySignUpPage();\n// Fill data user\nsignUpPage.fillOutData();\n// Verify Sign Up Successfully\nsignUpPage.verifySignUpSuccess();",
              "err": {},
              "uuid": "5c8eff8b-a94d-45e8-95c5-6e0ceebab232",
              "parentUUID": "4daca224-d6b0-4054-a359-61221fe5e86c",
              "isHook": false,
              "skipped": false
            }
          ],
          "suites": [],
          "passes": [
            "5c8eff8b-a94d-45e8-95c5-6e0ceebab232"
          ],
          "failures": [],
          "pending": [],
          "skipped": [],
          "duration": 11289,
          "root": false,
          "rootEmpty": false,
          "_timeout": 2000
        }
      ],
      "passes": [],
      "failures": [],
      "pending": [],
      "skipped": [],
      "duration": 0,
      "root": true,
      "rootEmpty": true,
      "_timeout": 2000
    }
  ],
  "meta": {
    "mocha": {
      "version": "7.0.1"
    },
    "mochawesome": {
      "options": {
        "quiet": false,
        "reportFilename": "mochawesome",
        "saveHtml": true,
        "saveJson": true,
        "consoleReporter": "spec",
        "useInlineDiffs": false,
        "code": true
      },
      "version": "7.1.3"
    },
    "marge": {
      "options": null,
      "version": "6.2.0"
    }
  }
}